This file contains any messages produced by compilers while
running configure, to aid debugging if configure makes a mistake.

It was created by 2DM configure 1.0, which was
generated by GNU Autoconf 2.69.  Invocation command line was

  $ ./configure 

## --------- ##
## Platform. ##
## --------- ##

hostname = octopus03
uname -m = x86_64
uname -r = 3.10.0-957.21.3.el7.x86_64
uname -s = Linux
uname -v = #1 SMP Fri Jun 14 02:54:29 EDT 2019

/usr/bin/uname -p = x86_64
/bin/uname -X     = unknown

/bin/arch              = x86_64
/usr/bin/arch -k       = unknown
/usr/convex/getsysinfo = unknown
/usr/bin/hostinfo      = unknown
/bin/machine           = unknown
/usr/bin/oslevel       = unknown
/bin/universe          = unknown

PATH: /octfs/apl/Intel/psxece2020/compilers_and_libraries_2020.0.166/linux/bin/intel64
PATH: /octfs/apl/Intel/psxece2020/compilers_and_libraries_2020.0.166/linux/bin
PATH: /octfs/apl/Intel/psxece2020/compilers_and_libraries_2020.0.166/linux/mpi/intel64/libfabric/bin
PATH: /octfs/apl/Intel/psxece2020/compilers_and_libraries_2020.0.166/linux/mpi/intel64/bin
PATH: /usr/lib64/qt-3.3/bin
PATH: /octfs/apl/Octave/5.1.0/bin
PATH: /octfs/apl/Intel/psxece2020/compilers_and_libraries_2020.0.166/linux/bin/intel64
PATH: /octfs/apl/Intel/psxece2020/compilers_and_libraries_2020.0.166/linux/bin
PATH: /octfs/apl/Intel/psxece2020/compilers_and_libraries_2020.0.166/linux/mpi/intel64/libfabric/bin
PATH: /octfs/apl/Intel/psxece2020/compilers_and_libraries_2020.0.166/linux/mpi/intel64/bin
PATH: /octfs/apl/Intel/psxece2020/debugger_2020/gdb/intel64/bin
PATH: /octfs/apl/Gnuplot/5.2.4/bin
PATH: /usr/local/bin
PATH: /octfs/apl/AVS/v8.5/bin/linux_64_el7
PATH: /usr/local/bin
PATH: /usr/bin
PATH: /opt/ibutils/bin
PATH: /usr/bin/nqsII
PATH: /usr/sbin/nqsII
PATH: .
PATH: /sbin
PATH: /usr/local/gcc/bin
PATH: /bin
PATH: /usr/bin
PATH: /usr/sbin
PATH: /usr/local/bin
PATH: /opt/intel/bin
PATH: /usr/local/cuda-8.0.61/bin
PATH: /octfs/home/v60390/bin


## ----------- ##
## Core tests. ##
## ----------- ##

configure:2239: checking for a BSD-compatible install
configure:2307: result: /usr/bin/install -c
configure:2318: checking whether build environment is sane
configure:2373: result: yes
configure:2524: checking for a thread-safe mkdir -p
configure:2563: result: /usr/bin/mkdir -p
configure:2570: checking for gawk
configure:2586: found /usr/bin/gawk
configure:2597: result: gawk
configure:2608: checking whether make sets $(MAKE)
configure:2630: result: yes
configure:2659: checking whether make supports nested variables
configure:2676: result: yes
configure:2816: checking for icc
configure:2832: found /octfs/apl/Intel/psxece2020/compilers_and_libraries_2020.0.166/linux/bin/intel64/icc
configure:2843: result: icc
configure:2874: checking for C compiler version
configure:2883: icc --version >&5
icc (ICC) 19.1.0.166 20191121
Copyright (C) 1985-2019 Intel Corporation.  All rights reserved.

configure:2894: $? = 0
configure:2883: icc -v >&5
icc version 19.1.0.166 (gcc version 4.8.5 compatibility)
configure:2894: $? = 0
configure:2883: icc -V >&5
Intel(R) C Intel(R) 64 Compiler for applications running on Intel(R) 64, Version 19.1.0.166 Build 20191121
Copyright (C) 1985-2019 Intel Corporation.  All rights reserved.

configure:2894: $? = 0
configure:2883: icc -qversion >&5
icc: command line warning #10006: ignoring unknown option '-qversion'
icc: command line error: no files specified; for help type "icc -help"
configure:2894: $? = 1
configure:2914: checking whether the C compiler works
configure:2936: icc    conftest.c  >&5
configure:2940: $? = 0
configure:2988: result: yes
configure:2991: checking for C compiler default output file name
configure:2993: result: a.out
configure:2999: checking for suffix of executables
configure:3006: icc -o conftest    conftest.c  >&5
configure:3010: $? = 0
configure:3032: result: 
configure:3054: checking whether we are cross compiling
configure:3062: icc -o conftest    conftest.c  >&5
configure:3066: $? = 0
configure:3073: ./conftest
configure:3077: $? = 0
configure:3092: result: no
configure:3097: checking for suffix of object files
configure:3119: icc -c   conftest.c >&5
configure:3123: $? = 0
configure:3144: result: o
configure:3148: checking whether we are using the GNU C compiler
configure:3167: icc -c   conftest.c >&5
configure:3167: $? = 0
configure:3176: result: yes
configure:3185: checking whether icc accepts -g
configure:3205: icc -c -g  conftest.c >&5
configure:3205: $? = 0
configure:3246: result: yes
configure:3263: checking for icc option to accept ISO C89
configure:3326: icc  -c -g -O2  conftest.c >&5
configure:3326: $? = 0
configure:3339: result: none needed
configure:3370: checking for style of include used by make
configure:3398: result: GNU
configure:3424: checking dependency style of icc
configure:3535: result: gcc3
configure:3551: checking whether icc and cc understand -c and -o together
configure:3582: icc -c conftest.c -o conftest2.o >&5
configure:3586: $? = 0
configure:3592: icc -c conftest.c -o conftest2.o >&5
configure:3596: $? = 0
configure:3607: cc -c conftest.c >&5
configure:3611: $? = 0
configure:3619: cc -c conftest.c -o conftest2.o >&5
configure:3623: $? = 0
configure:3629: cc -c conftest.c -o conftest2.o >&5
configure:3633: $? = 0
configure:3651: result: yes
configure:3682: checking for main in -lm
configure:3701: icc -o conftest -g -O2   conftest.c -lm   >&5
configure:3701: $? = 0
configure:3710: result: yes
configure:3721: checking for main in -lpthread
configure:3740: icc -o conftest -g -O2   conftest.c -lpthread  -lm  >&5
configure:3740: $? = 0
configure:3749: result: yes
configure:3760: checking for main in -limf
configure:3779: icc -o conftest -g -O2   conftest.c -limf  -lpthread -lm  >&5
configure:3779: $? = 0
configure:3788: result: yes
configure:3806: checking how to run the C preprocessor
configure:3837: icc -E  conftest.c
configure:3837: $? = 0
configure:3851: icc -E  conftest.c
conftest.c(14): error #2379: cannot open source file "ac_nonexistent.h"
  #include <ac_nonexistent.h>
                             ^

configure:3851: $? = 2
configure: failed program was:
| /* confdefs.h */
| #define PACKAGE_NAME "2DM"
| #define PACKAGE_TARNAME "2dm"
| #define PACKAGE_VERSION "1.0"
| #define PACKAGE_STRING "2DM 1.0"
| #define PACKAGE_BUGREPORT ""
| #define PACKAGE_URL ""
| #define PACKAGE "2dm"
| #define VERSION "1.0"
| #define HAVE_LIBM 1
| #define HAVE_LIBPTHREAD 1
| #define HAVE_LIBIMF 1
| /* end confdefs.h.  */
| #include <ac_nonexistent.h>
configure:3876: result: icc -E
configure:3896: icc -E  conftest.c
configure:3896: $? = 0
configure:3910: icc -E  conftest.c
conftest.c(14): error #2379: cannot open source file "ac_nonexistent.h"
  #include <ac_nonexistent.h>
                             ^

configure:3910: $? = 2
configure: failed program was:
| /* confdefs.h */
| #define PACKAGE_NAME "2DM"
| #define PACKAGE_TARNAME "2dm"
| #define PACKAGE_VERSION "1.0"
| #define PACKAGE_STRING "2DM 1.0"
| #define PACKAGE_BUGREPORT ""
| #define PACKAGE_URL ""
| #define PACKAGE "2dm"
| #define VERSION "1.0"
| #define HAVE_LIBM 1
| #define HAVE_LIBPTHREAD 1
| #define HAVE_LIBIMF 1
| /* end confdefs.h.  */
| #include <ac_nonexistent.h>
configure:3939: checking for grep that handles long lines and -e
configure:3997: result: /usr/bin/grep
configure:4002: checking for egrep
configure:4064: result: /usr/bin/grep -E
configure:4069: checking for ANSI C header files
configure:4089: icc -c -g -O2  conftest.c >&5
configure:4089: $? = 0
configure:4162: icc -o conftest -g -O2   conftest.c -limf -lpthread -lm  >&5
configure:4162: $? = 0
configure:4162: ./conftest
configure:4162: $? = 0
configure:4173: result: yes
configure:4186: checking for sys/types.h
configure:4186: icc -c -g -O2  conftest.c >&5
configure:4186: $? = 0
configure:4186: result: yes
configure:4186: checking for sys/stat.h
configure:4186: icc -c -g -O2  conftest.c >&5
configure:4186: $? = 0
configure:4186: result: yes
configure:4186: checking for stdlib.h
configure:4186: icc -c -g -O2  conftest.c >&5
configure:4186: $? = 0
configure:4186: result: yes
configure:4186: checking for string.h
configure:4186: icc -c -g -O2  conftest.c >&5
configure:4186: $? = 0
configure:4186: result: yes
configure:4186: checking for memory.h
configure:4186: icc -c -g -O2  conftest.c >&5
configure:4186: $? = 0
configure:4186: result: yes
configure:4186: checking for strings.h
configure:4186: icc -c -g -O2  conftest.c >&5
configure:4186: $? = 0
configure:4186: result: yes
configure:4186: checking for inttypes.h
configure:4186: icc -c -g -O2  conftest.c >&5
configure:4186: $? = 0
configure:4186: result: yes
configure:4186: checking for stdint.h
configure:4186: icc -c -g -O2  conftest.c >&5
configure:4186: $? = 0
configure:4186: result: yes
configure:4186: checking for unistd.h
configure:4186: icc -c -g -O2  conftest.c >&5
configure:4186: $? = 0
configure:4186: result: yes
configure:4201: checking limits.h usability
configure:4201: icc -c -g -O2  conftest.c >&5
configure:4201: $? = 0
configure:4201: result: yes
configure:4201: checking limits.h presence
configure:4201: icc -E  conftest.c
configure:4201: $? = 0
configure:4201: result: yes
configure:4201: checking for limits.h
configure:4201: result: yes
configure:4201: checking for stdlib.h
configure:4201: result: yes
configure:4201: checking for string.h
configure:4201: result: yes
configure:4201: checking mathimf.h usability
configure:4201: icc -c -g -O2  conftest.c >&5
configure:4201: $? = 0
configure:4201: result: yes
configure:4201: checking mathimf.h presence
configure:4201: icc -E  conftest.c
configure:4201: $? = 0
configure:4201: result: yes
configure:4201: checking for mathimf.h
configure:4201: result: yes
configure:4201: checking mkl.h usability
configure:4201: icc -c -g -O2  conftest.c >&5
configure:4201: $? = 0
configure:4201: result: yes
configure:4201: checking mkl.h presence
configure:4201: icc -E  conftest.c
configure:4201: $? = 0
configure:4201: result: yes
configure:4201: checking for mkl.h
configure:4201: result: yes
configure:4213: checking for an ANSI C-conforming const
configure:4279: icc -c -g -O2  conftest.c >&5
configure:4279: $? = 0
configure:4286: result: yes
configure:4294: checking for stdbool.h that conforms to C99
configure:4361: icc -c -g -O2  conftest.c >&5
configure:4361: $? = 0
configure:4368: result: yes
configure:4370: checking for _Bool
configure:4370: icc -c -g -O2  conftest.c >&5
configure:4370: $? = 0
configure:4370: icc -c -g -O2  conftest.c >&5
conftest.c(65): error: expected an expression
  if (sizeof ((_Bool)))
                     ^

compilation aborted for conftest.c (code 2)
configure:4370: $? = 2
configure: failed program was:
| /* confdefs.h */
| #define PACKAGE_NAME "2DM"
| #define PACKAGE_TARNAME "2dm"
| #define PACKAGE_VERSION "1.0"
| #define PACKAGE_STRING "2DM 1.0"
| #define PACKAGE_BUGREPORT ""
| #define PACKAGE_URL ""
| #define PACKAGE "2dm"
| #define VERSION "1.0"
| #define HAVE_LIBM 1
| #define HAVE_LIBPTHREAD 1
| #define HAVE_LIBIMF 1
| #define STDC_HEADERS 1
| #define HAVE_SYS_TYPES_H 1
| #define HAVE_SYS_STAT_H 1
| #define HAVE_STDLIB_H 1
| #define HAVE_STRING_H 1
| #define HAVE_MEMORY_H 1
| #define HAVE_STRINGS_H 1
| #define HAVE_INTTYPES_H 1
| #define HAVE_STDINT_H 1
| #define HAVE_UNISTD_H 1
| #define HAVE_LIMITS_H 1
| #define HAVE_STDLIB_H 1
| #define HAVE_STRING_H 1
| #define HAVE_MATHIMF_H 1
| #define HAVE_MKL_H 1
| /* end confdefs.h.  */
| #include <stdio.h>
| #ifdef HAVE_SYS_TYPES_H
| # include <sys/types.h>
| #endif
| #ifdef HAVE_SYS_STAT_H
| # include <sys/stat.h>
| #endif
| #ifdef STDC_HEADERS
| # include <stdlib.h>
| # include <stddef.h>
| #else
| # ifdef HAVE_STDLIB_H
| #  include <stdlib.h>
| # endif
| #endif
| #ifdef HAVE_STRING_H
| # if !defined STDC_HEADERS && defined HAVE_MEMORY_H
| #  include <memory.h>
| # endif
| # include <string.h>
| #endif
| #ifdef HAVE_STRINGS_H
| # include <strings.h>
| #endif
| #ifdef HAVE_INTTYPES_H
| # include <inttypes.h>
| #endif
| #ifdef HAVE_STDINT_H
| # include <stdint.h>
| #endif
| #ifdef HAVE_UNISTD_H
| # include <unistd.h>
| #endif
| int
| main ()
| {
| if (sizeof ((_Bool)))
| 	    return 0;
|   ;
|   return 0;
| }
configure:4370: result: yes
configure:4392: checking for floor
configure:4392: icc -o conftest -g -O2   conftest.c -limf -lpthread -lm  >&5
configure:4392: $? = 0
configure:4392: result: yes
configure:4392: checking for exp
configure:4392: icc -o conftest -g -O2   conftest.c -limf -lpthread -lm  >&5
configure:4392: $? = 0
configure:4392: result: yes
configure:4392: checking for pow
configure:4392: icc -o conftest -g -O2   conftest.c -limf -lpthread -lm  >&5
configure:4392: $? = 0
configure:4392: result: yes
configure:4392: checking for sqrt
configure:4392: icc -o conftest -g -O2   conftest.c -limf -lpthread -lm  >&5
configure:4392: $? = 0
configure:4392: result: yes
configure:4392: checking for sin
configure:4392: icc -o conftest -g -O2   conftest.c -limf -lpthread -lm  >&5
configure:4392: $? = 0
configure:4392: result: yes
configure:4392: checking for cos
configure:4392: icc -o conftest -g -O2   conftest.c -limf -lpthread -lm  >&5
configure:4392: $? = 0
configure:4392: result: yes
configure:4392: checking for tan
configure:4392: icc -o conftest -g -O2   conftest.c -limf -lpthread -lm  >&5
configure:4392: $? = 0
configure:4392: result: yes
configure:4514: checking that generated files are newer than configure
configure:4520: result: done
configure:4543: creating ./config.status

## ---------------------- ##
## Running config.status. ##
## ---------------------- ##

This file was extended by 2DM config.status 1.0, which was
generated by GNU Autoconf 2.69.  Invocation command line was

  CONFIG_FILES    = 
  CONFIG_HEADERS  = 
  CONFIG_LINKS    = 
  CONFIG_COMMANDS = 
  $ ./config.status 

on octopus03

config.status:869: creating Makefile
config.status:869: creating config.h
config.status:1098: executing depfiles commands

## ---------------- ##
## Cache variables. ##
## ---------------- ##

ac_cv_c_compiler_gnu=yes
ac_cv_c_const=yes
ac_cv_env_CC_set=
ac_cv_env_CC_value=
ac_cv_env_CFLAGS_set=
ac_cv_env_CFLAGS_value=
ac_cv_env_CPPFLAGS_set=
ac_cv_env_CPPFLAGS_value=
ac_cv_env_CPP_set=
ac_cv_env_CPP_value=
ac_cv_env_LDFLAGS_set=
ac_cv_env_LDFLAGS_value=
ac_cv_env_LIBS_set=
ac_cv_env_LIBS_value=
ac_cv_env_build_alias_set=
ac_cv_env_build_alias_value=
ac_cv_env_host_alias_set=
ac_cv_env_host_alias_value=
ac_cv_env_target_alias_set=
ac_cv_env_target_alias_value=
ac_cv_func_cos=yes
ac_cv_func_exp=yes
ac_cv_func_floor=yes
ac_cv_func_pow=yes
ac_cv_func_sin=yes
ac_cv_func_sqrt=yes
ac_cv_func_tan=yes
ac_cv_header_inttypes_h=yes
ac_cv_header_limits_h=yes
ac_cv_header_mathimf_h=yes
ac_cv_header_memory_h=yes
ac_cv_header_mkl_h=yes
ac_cv_header_stdbool_h=yes
ac_cv_header_stdc=yes
ac_cv_header_stdint_h=yes
ac_cv_header_stdlib_h=yes
ac_cv_header_string_h=yes
ac_cv_header_strings_h=yes
ac_cv_header_sys_stat_h=yes
ac_cv_header_sys_types_h=yes
ac_cv_header_unistd_h=yes
ac_cv_lib_imf_main=yes
ac_cv_lib_m_main=yes
ac_cv_lib_pthread_main=yes
ac_cv_objext=o
ac_cv_path_EGREP='/usr/bin/grep -E'
ac_cv_path_GREP=/usr/bin/grep
ac_cv_path_install='/usr/bin/install -c'
ac_cv_path_mkdir=/usr/bin/mkdir
ac_cv_prog_AWK=gawk
ac_cv_prog_CPP='icc -E'
ac_cv_prog_ac_ct_CC=icc
ac_cv_prog_cc_c89=
ac_cv_prog_cc_g=yes
ac_cv_prog_cc_icc_c_o=yes
ac_cv_prog_make_make_set=yes
ac_cv_type__Bool=yes
am_cv_CC_dependencies_compiler_type=gcc3
am_cv_make_support_nested_variables=yes

## ----------------- ##
## Output variables. ##
## ----------------- ##

ACLOCAL='${SHELL} /octfs/home/v60390/work/2D-monodomain/2Dtissue-monodomain_Kurata2005_model/9EAD_clusters_configuration/missing aclocal-1.13'
AMDEPBACKSLASH='\'
AMDEP_FALSE='#'
AMDEP_TRUE=''
AMTAR='$${TAR-tar}'
AM_BACKSLASH='\'
AM_DEFAULT_V='$(AM_DEFAULT_VERBOSITY)'
AM_DEFAULT_VERBOSITY='1'
AM_V='$(V)'
AUTOCONF='${SHELL} /octfs/home/v60390/work/2D-monodomain/2Dtissue-monodomain_Kurata2005_model/9EAD_clusters_configuration/missing autoconf'
AUTOHEADER='${SHELL} /octfs/home/v60390/work/2D-monodomain/2Dtissue-monodomain_Kurata2005_model/9EAD_clusters_configuration/missing autoheader'
AUTOMAKE='${SHELL} /octfs/home/v60390/work/2D-monodomain/2Dtissue-monodomain_Kurata2005_model/9EAD_clusters_configuration/missing automake-1.13'
AWK='gawk'
CC='icc'
CCDEPMODE='depmode=gcc3'
CFLAGS='-g -O2'
CPP='icc -E'
CPPFLAGS=''
CYGPATH_W='echo'
DEFS='-DHAVE_CONFIG_H'
DEPDIR='.deps'
ECHO_C=''
ECHO_N='-n'
ECHO_T=''
EGREP='/usr/bin/grep -E'
EXEEXT=''
GREP='/usr/bin/grep'
INSTALL_DATA='${INSTALL} -m 644'
INSTALL_PROGRAM='${INSTALL}'
INSTALL_SCRIPT='${INSTALL}'
INSTALL_STRIP_PROGRAM='$(install_sh) -c -s'
LDFLAGS=''
LIBOBJS=''
LIBS='-limf -lpthread -lm '
LTLIBOBJS=''
MAKEINFO='${SHELL} /octfs/home/v60390/work/2D-monodomain/2Dtissue-monodomain_Kurata2005_model/9EAD_clusters_configuration/missing makeinfo'
MKDIR_P='/usr/bin/mkdir -p'
OBJEXT='o'
PACKAGE='2dm'
PACKAGE_BUGREPORT=''
PACKAGE_NAME='2DM'
PACKAGE_STRING='2DM 1.0'
PACKAGE_TARNAME='2dm'
PACKAGE_URL=''
PACKAGE_VERSION='1.0'
PATH_SEPARATOR=':'
SET_MAKE=''
SHELL='/bin/sh'
STRIP=''
VERSION='1.0'
ac_ct_CC='icc'
am__EXEEXT_FALSE=''
am__EXEEXT_TRUE='#'
am__fastdepCC_FALSE='#'
am__fastdepCC_TRUE=''
am__include='include'
am__isrc=''
am__leading_dot='.'
am__nodep='_no'
am__quote=''
am__tar='$${TAR-tar} chof - "$$tardir"'
am__untar='$${TAR-tar} xf -'
bindir='${exec_prefix}/bin'
build_alias=''
datadir='${datarootdir}'
datarootdir='${prefix}/share'
docdir='${datarootdir}/doc/${PACKAGE_TARNAME}'
dvidir='${docdir}'
exec_prefix='${prefix}'
host_alias=''
htmldir='${docdir}'
includedir='${prefix}/include'
infodir='${datarootdir}/info'
install_sh='${SHELL} /octfs/home/v60390/work/2D-monodomain/2Dtissue-monodomain_Kurata2005_model/9EAD_clusters_configuration/install-sh'
libdir='${exec_prefix}/lib'
libexecdir='${exec_prefix}/libexec'
localedir='${datarootdir}/locale'
localstatedir='${prefix}/var'
mandir='${datarootdir}/man'
mkdir_p='$(MKDIR_P)'
oldincludedir='/usr/include'
pdfdir='${docdir}'
prefix='/usr/local'
program_transform_name='s,x,x,'
psdir='${docdir}'
sbindir='${exec_prefix}/sbin'
sharedstatedir='${prefix}/com'
sysconfdir='${prefix}/etc'
target_alias=''

## ----------- ##
## confdefs.h. ##
## ----------- ##

/* confdefs.h */
#define PACKAGE_NAME "2DM"
#define PACKAGE_TARNAME "2dm"
#define PACKAGE_VERSION "1.0"
#define PACKAGE_STRING "2DM 1.0"
#define PACKAGE_BUGREPORT ""
#define PACKAGE_URL ""
#define PACKAGE "2dm"
#define VERSION "1.0"
#define HAVE_LIBM 1
#define HAVE_LIBPTHREAD 1
#define HAVE_LIBIMF 1
#define STDC_HEADERS 1
#define HAVE_SYS_TYPES_H 1
#define HAVE_SYS_STAT_H 1
#define HAVE_STDLIB_H 1
#define HAVE_STRING_H 1
#define HAVE_MEMORY_H 1
#define HAVE_STRINGS_H 1
#define HAVE_INTTYPES_H 1
#define HAVE_STDINT_H 1
#define HAVE_UNISTD_H 1
#define HAVE_LIMITS_H 1
#define HAVE_STDLIB_H 1
#define HAVE_STRING_H 1
#define HAVE_MATHIMF_H 1
#define HAVE_MKL_H 1
#define HAVE__BOOL 1
#define HAVE_STDBOOL_H 1
#define HAVE_FLOOR 1
#define HAVE_EXP 1
#define HAVE_POW 1
#define HAVE_SQRT 1
#define HAVE_SIN 1
#define HAVE_COS 1
#define HAVE_TAN 1

configure: exit 0

## ---------------------- ##
## Running config.status. ##
## ---------------------- ##

This file was extended by 2DM config.status 1.0, which was
generated by GNU Autoconf 2.69.  Invocation command line was

  CONFIG_FILES    = 
  CONFIG_HEADERS  = 
  CONFIG_LINKS    = 
  CONFIG_COMMANDS = 
  $ ./config.status Makefile depfiles

on octopus03

config.status:869: creating Makefile
config.status:1098: executing depfiles commands

## ---------------------- ##
## Running config.status. ##
## ---------------------- ##

This file was extended by 2DM config.status 1.0, which was
generated by GNU Autoconf 2.69.  Invocation command line was

  CONFIG_FILES    = 
  CONFIG_HEADERS  = 
  CONFIG_LINKS    = 
  CONFIG_COMMANDS = 
  $ ./config.status config.h

on octopus03

config.status:869: creating config.h
config.status:1050: config.h is unchanged
